\BOOKMARK [1][-]{section.1}{Generating Data Sets}{}% 1
\BOOKMARK [2][-]{subsection.1.1}{My Cats}{section.1}% 2
\BOOKMARK [2][-]{subsection.1.2}{Yogurt Lids}{section.1}% 3
\BOOKMARK [2][-]{subsection.1.3}{Conclusion}{section.1}% 4
\BOOKMARK [1][-]{section.2}{Selecting Data Sets}{}% 5
\BOOKMARK [1][-]{section.3}{Introduction of the RHadoop System}{}% 6
\BOOKMARK [2][-]{subsection.3.1}{Installing Java}{section.3}% 7
\BOOKMARK [2][-]{subsection.3.2}{Adding a Dedicated Hadoop User}{section.3}% 8
\BOOKMARK [2][-]{subsection.3.3}{Installing SSH}{section.3}% 9
\BOOKMARK [2][-]{subsection.3.4}{Create and Setup SSH Certificates}{section.3}% 10
\BOOKMARK [2][-]{subsection.3.5}{Installing Hadoop}{section.3}% 11
\BOOKMARK [1][-]{section.4}{Configuring Hadoop Files}{}% 12
\BOOKMARK [2][-]{subsection.4.1}{ /.bashrc}{section.4}% 13
\BOOKMARK [2][-]{subsection.4.2}{/usr/local/hadoop/etc/hadoop/hadoop-env.sh}{section.4}% 14
\BOOKMARK [2][-]{subsection.4.3}{/usr/local/hadoop/etc/hadoop/core-site.xml:}{section.4}% 15
\BOOKMARK [2][-]{subsection.4.4}{/usr/local/hadoop/etc/hadoop/mapred-site.xml}{section.4}% 16
\BOOKMARK [2][-]{subsection.4.5}{/usr/local/hadoop/etc/hadoop/hdfs-site.xml}{section.4}% 17
\BOOKMARK [1][-]{section.5}{Formatting the Hadoop Filesystem}{}% 18
\BOOKMARK [1][-]{section.6}{Starting Hadoop}{}% 19
\BOOKMARK [1][-]{section.7}{Machine Learning}{}% 20
\BOOKMARK [2][-]{subsection.7.1}{Introduction}{section.7}% 21
\BOOKMARK [2][-]{subsection.7.2}{Choosing a Machine Learning Model}{section.7}% 22
\BOOKMARK [2][-]{subsection.7.3}{Labeling and Shuffling}{section.7}% 23
\BOOKMARK [2][-]{subsection.7.4}{Cat Comparisons: Kitty or Luna?}{section.7}% 24
\BOOKMARK [2][-]{subsection.7.5}{Which Flavor of Yogurt Should I Eat?}{section.7}% 25
\BOOKMARK [2][-]{subsection.7.6}{Conclusion}{section.7}% 26
